#
# There is insufficient memory for the Java Runtime Environment to continue.
# Native memory allocation (mmap) failed to map 134217728 bytes for Failed to commit area from 0x0000000081c00000 to 0x0000000089c00000 of length 134217728.
# Possible reasons:
#   The system is out of physical RAM or swap space
#   The process is running with CompressedOops enabled, and the Java Heap may be blocking the growth of the native heap
# Possible solutions:
#   Reduce memory load on the system
#   Increase physical memory or swap space
#   Check if swap backing store is full
#   Decrease Java heap size (-Xmx/-Xms)
#   Decrease number of Java threads
#   Decrease Java thread stack sizes (-Xss)
#   Set larger code cache with -XX:ReservedCodeCacheSize=
# This output file may be truncated or incomplete.
#
#  Out of Memory Error (src/hotspot/os/windows/os_windows.cpp:3627), pid=15712, tid=10868
#
# JRE version:  (11.0.15) (build )
# Java VM: OpenJDK 64-Bit Server VM (11.0.15+0-b2043.56-9505619, mixed mode, sharing, tiered, compressed oops, g1 gc, windows-amd64)
# No core dump will be written. Minidumps are not enabled by default on client versions of Windows
#

---------------  S U M M A R Y ------------

Command Line: -agentlib:jvmhook -Xrunjvmhook -Xbootclasspath/a:C:\Program Files (x86)\Micro Focus\UFT One\bin\java_shared\classes\jasmine.jar git4idea.http.GitAskPassApp Username for 'https://github.com': 

Host: Intel(R) Core(TM) i5-6200U CPU @ 2.30GHz, 4 cores, 7G,  Windows 10 , 64 bit Build 19041 (10.0.19041.3031)
Time: Wed Jul 12 22:30:32 2023 Pakistan Standard Time elapsed time: 0.040225 seconds (0d 0h 0m 0s)

---------------  T H R E A D  ---------------

Current thread (0x000001619f3ae800):  JavaThread "Unknown thread" [_thread_in_vm, id=10868, stack(0x0000000696500000,0x0000000696600000)]

Stack: [0x0000000696500000,0x0000000696600000]
Native frames: (J=compiled Java code, j=interpreted, Vv=VM code, C=native code)
V  [jvm.dll+0x64135a]
V  [jvm.dll+0x7d39f9]
V  [jvm.dll+0x7d51b9]
V  [jvm.dll+0x7d58a3]
V  [jvm.dll+0x2691c5]
V  [jvm.dll+0x63e4e9]
V  [jvm.dll+0x632985]
V  [jvm.dll+0x3231ac]
V  [jvm.dll+0x323032]
V  [jvm.dll+0x327c06]
V  [jvm.dll+0x36ffa2]
V  [jvm.dll+0x36fa01]
V  [jvm.dll+0x2fea28]
V  [jvm.dll+0x2ffb25]
V  [jvm.dll+0x7accd7]
V  [jvm.dll+0x7ae49f]
V  [jvm.dll+0x37d299]
V  [jvm.dll+0x78ef9f]
V  [jvm.dll+0x3ec847]
V  [jvm.dll+0x3eed31]
C  [jli.dll+0x52cb]
C  [ucrtbase.dll+0x21bb2]
C  [KERNEL32.DLL+0x17614]
C  [ntdll.dll+0x526f1]


---------------  P R O C E S S  ---------------

Threads class SMR info:
_java_thread_list=0x000001619d2f0870, length=0, elements={
}

Java Threads: ( => current thread )

Other Threads:
  0x000001619f3c6000 GCTaskThread "GC Thread#0" [stack: 0x0000000696600000,0x0000000696700000] [id=7724]
  0x000001619f3f5000 ConcurrentGCThread "G1 Main Marker" [stack: 0x0000000696700000,0x0000000696800000] [id=1500]
  0x000001619f3f6800 ConcurrentGCThread "G1 Conc#0" [stack: 0x0000000696800000,0x0000000696900000] [id=16152]

[error occurred during error reporting (printing all threads), id 0xc0000005, EXCEPTION_ACCESS_VIOLATION (0xc0000005) at pc=0x00007ff834c8f3e7]

VM state:not at safepoint (not fully initialized)

VM Mutex/Monitor currently owned by a thread:  ([mutex/lock_event])
[0x000001619f3a9f40] Heap_lock - owner thread: 0x000001619f3ae800

Heap address: 0x0000000081c00000, size: 2020 MB, Compressed Oops mode: Non-zero based: 0x0000000081c00000
Narrow klass base: 0x0000000000000000, Narrow klass shift: 0

GC Heap History (0 events):
No events

Deoptimization events (0 events):
No events

Classes redefined (0 events):
No events

Internal exceptions (0 events):
No events

Events (1 events):
Event: 0.033 Loaded shared library C:\Program Files\Android\Android Studio\jbr\bin\zip.dll


Dynamic libraries:
0x00007ff6c5270000 - 0x00007ff6c527a000 	C:\Program Files\Android\Android Studio\jbr\bin\java.exe
0x00007ff893cf0000 - 0x00007ff893ee8000 	C:\Windows\SYSTEM32\ntdll.dll
0x00007ff8932b0000 - 0x00007ff89336f000 	C:\Windows\System32\KERNEL32.DLL
0x00007ff891810000 - 0x00007ff891b06000 	C:\Windows\System32\KERNELBASE.dll
0x00007ff891710000 - 0x00007ff891810000 	C:\Windows\System32\ucrtbase.dll
0x00007ff8859f0000 - 0x00007ff885a07000 	C:\Program Files\Android\Android Studio\jbr\bin\jli.dll
0x00007ff893760000 - 0x00007ff8938fd000 	C:\Windows\System32\USER32.dll
0x00007ff891b10000 - 0x00007ff891b32000 	C:\Windows\System32\win32u.dll
0x00007ff893190000 - 0x00007ff8931bc000 	C:\Windows\System32\GDI32.dll
0x00007ff8915f0000 - 0x00007ff891705000 	C:\Windows\System32\gdi32full.dll
0x00007ff891b40000 - 0x00007ff891bdd000 	C:\Windows\System32\msvcp_win.dll
0x00007ff8850c0000 - 0x00007ff8850db000 	C:\Program Files\Android\Android Studio\jbr\bin\VCRUNTIME140.dll
0x00007ff875ef0000 - 0x00007ff87618a000 	C:\Windows\WinSxS\amd64_microsoft.windows.common-controls_6595b64144ccf1df_6.0.19041.1110_none_60b5254171f9507e\COMCTL32.dll
0x00007ff893a30000 - 0x00007ff893ace000 	C:\Windows\System32\msvcrt.dll
0x00007ff8926e0000 - 0x00007ff892710000 	C:\Windows\System32\IMM32.DLL
0x00007ff88cc40000 - 0x00007ff88cc4c000 	C:\Program Files\Android\Android Studio\jbr\bin\vcruntime140_1.dll
0x00007ff84fe10000 - 0x00007ff84fe9d000 	C:\Program Files\Android\Android Studio\jbr\bin\msvcp140.dll
0x00007ff834980000 - 0x00007ff83553c000 	C:\Program Files\Android\Android Studio\jbr\bin\server\jvm.dll
0x00007ff891d50000 - 0x00007ff891dff000 	C:\Windows\System32\ADVAPI32.dll
0x00007ff893b30000 - 0x00007ff893bcc000 	C:\Windows\System32\sechost.dll
0x00007ff893900000 - 0x00007ff893a26000 	C:\Windows\System32\RPCRT4.dll
0x00007ff893ca0000 - 0x00007ff893ca8000 	C:\Windows\System32\PSAPI.DLL
0x00007ff88eaf0000 - 0x00007ff88eaf9000 	C:\Windows\SYSTEM32\WSOCK32.dll
0x00007ff893240000 - 0x00007ff8932ab000 	C:\Windows\System32\WS2_32.dll
0x00007ff87a590000 - 0x00007ff87a5b7000 	C:\Windows\SYSTEM32\WINMM.dll
0x00007ff88af80000 - 0x00007ff88af8a000 	C:\Windows\SYSTEM32\VERSION.dll
0x00007ff88f160000 - 0x00007ff88f172000 	C:\Windows\SYSTEM32\kernel.appcore.dll
0x00007ff88ce90000 - 0x00007ff88cea0000 	C:\Program Files\Android\Android Studio\jbr\bin\verify.dll
0x00007ff885e90000 - 0x00007ff886074000 	C:\Windows\SYSTEM32\DBGHELP.DLL
0x00007ff878630000 - 0x00007ff878664000 	C:\Windows\SYSTEM32\dbgcore.DLL
0x00007ff8913d0000 - 0x00007ff891452000 	C:\Windows\System32\bcryptPrimitives.dll
0x00007ff88ce60000 - 0x00007ff88ce88000 	C:\Program Files\Android\Android Studio\jbr\bin\java.dll
0x00007ff88ce50000 - 0x00007ff88ce5a000 	C:\Program Files\Android\Android Studio\jbr\bin\jimage.dll
0x0000000180000000 - 0x000000018002c000 	C:\Windows\SYSTEM32\jvmhook.dll
0x00007ff8925b0000 - 0x00007ff8926da000 	C:\Windows\System32\ole32.dll
0x00007ff892e30000 - 0x00007ff893184000 	C:\Windows\System32\combase.dll
0x00007ff893bd0000 - 0x00007ff893c9d000 	C:\Windows\System32\OLEAUT32.dll
0x00007ff8861c0000 - 0x00007ff8861d8000 	C:\Program Files\Android\Android Studio\jbr\bin\zip.dll

dbghelp: loaded successfully - version: 4.0.5 - missing functions: none
symbol engine: initialized successfully - sym options: 0x614 - pdb path: .;C:\Program Files\Android\Android Studio\jbr\bin;C:\Windows\SYSTEM32;C:\Windows\WinSxS\amd64_microsoft.windows.common-controls_6595b64144ccf1df_6.0.19041.1110_none_60b5254171f9507e;C:\Program Files\Android\Android Studio\jbr\bin\server

VM Arguments:
jvm_args: -agentlib:jvmhook -Xrunjvmhook -Xbootclasspath/a:C:\Program Files (x86)\Micro Focus\UFT One\bin\java_shared\classes\jasmine.jar 
java_command: git4idea.http.GitAskPassApp Username for 'https://github.com': 
java_class_path (initial): C:/Program Files/Android/Android Studio/plugins/git4idea/lib/git4idea-rt.jar;C:/Program Files/Android/Android Studio/lib/externalProcess-rt.jar;C:/Program Files/Android/Android Studio/lib/app.jar;C:/Program Files/Android/Android Studio/lib/3rd-party-rt.jar
Launcher Type: SUN_STANDARD

[Global flags]
     intx CICompilerCount                          = 3                                         {product} {ergonomic}
     uint ConcGCThreads                            = 1                                         {product} {ergonomic}
     uint G1ConcRefinementThreads                  = 4                                         {product} {ergonomic}
   size_t G1HeapRegionSize                         = 1048576                                   {product} {ergonomic}
    uintx GCDrainStackTargetSize                   = 64                                        {product} {ergonomic}
   size_t InitialHeapSize                          = 134217728                                 {product} {ergonomic}
   size_t MarkStackSize                            = 4194304                                   {product} {ergonomic}
   size_t MaxHeapSize                              = 2118123520                                {product} {ergonomic}
   size_t MinHeapDeltaBytes                        = 1048576                                   {product} {ergonomic}
    uintx NonNMethodCodeHeapSize                   = 5830732                                {pd product} {ergonomic}
    uintx NonProfiledCodeHeapSize                  = 122913754                              {pd product} {ergonomic}
    uintx ProfiledCodeHeapSize                     = 122913754                              {pd product} {ergonomic}
    uintx ReservedCodeCacheSize                    = 251658240                              {pd product} {ergonomic}
     bool SegmentedCodeCache                       = true                                      {product} {ergonomic}
     bool UseCompressedClassPointers               = true                                 {lp64_product} {ergonomic}
     bool UseCompressedOops                        = true                                 {lp64_product} {ergonomic}
     bool UseG1GC                                  = true                                      {product} {ergonomic}
     bool UseLargePagesIndividualAllocation        = false                                  {pd product} {ergonomic}

Logging:
Log output configuration:
 #0: stdout all=warning uptime,level,tags
 #1: stderr all=off uptime,level,tags

Environment Variables:
JAVA_TOOL_OPTIONS=-agentlib:jvmhook
_JAVA_OPTIONS=-Xrunjvmhook -Xbootclasspath/a:"C:\Program Files (x86)\Micro Focus\UFT One\bin\java_shared\classes\jasmine.jar"
CLASSPATH=.;A:\DOC\World1\showroom;
PATH=C:\Program Files\Git\mingw64\libexec\git-core;C:\Program Files\Git\mingw64\libexec\git-core;C:\Program Files\Git\mingw64\bin;C:\Program Files\Git\usr\bin;C:\Users\Hp G3\bin;C:\PROGRA~2\RATIONAL\RATION~1\NUTCROOT\bin;C:\PROGRA~2\RATIONAL\RATION~1\NUTCROOT\bin\x11;C:\PROGRA~2\RATIONAL\RATION~1\NUTCROOT\mksnt;C:\Program Files\Java\jdk-19\bin;C:\Windows\system32;C:\Windows;C:\Windows\System32\Wbem;C:\Windows\System32\WindowsPowerShell\v1.0;C:\Windows\System32\OpenSSH;C:\Program Files (x86)\Rational\common;C:\Program Files (x86)\Rational\ClearQuest;C:\Program Files (x86)\Rational\Rose\TopLink;C:\Program Files (x86)\Rational\Rational Test;C:\Program Files\Git\cmd;C:\Program Files (x86)\Microsoft SQL Server\160\Tools\Binn;C:\Program Files\Microsoft SQL Server\160\Tools\Binn;C:\Program Files\Microsoft SQL Server\Client SDK\ODBC\170\Tools\Binn;C:\Program Files\Microsoft SQL Server\160\DTS\Binn;C:\Program Files (x86)\Microsoft SQL Server\160\DTS\Binn;C:\Program Files\Microsoft SQL Server\150\Tools\Binn;C:\Program Files\dotnet;C:\Program Files (x86)\dotnet;C:\Program Files\nodejs;C:\Program Files (x86)\Micro Focus\UFT Developer\bin;C:\Program Files (x86)\Micro Focus\UFT One\bin;C:\Program Files\MySQL\MySQL Shell 8.0\bin;C:\Users\Hp G3\AppData\Local\Microsoft\WindowsApps;C:\Users\Hp G3\AppData\Local\Programs\Microsoft VS Code\bin;C:\Program Files\Azure Data Studio\bin;C:\Users\Hp G3\.dotnet\tools;C:\Users\Hp G3\AppData\Roaming\npm
USERNAME=Hp G3
SHELL=C:\PROGRA~2\RATIONAL\RATION~1\NUTCROOT\mksnt\sh.exe
DISPLAY=:0.0
LC_ALL=en_US.UTF-8
OS=Windows_NT
PROCESSOR_IDENTIFIER=Intel64 Family 6 Model 78 Stepping 3, GenuineIntel



---------------  S Y S T E M  ---------------

OS: Windows 10 , 64 bit Build 19041 (10.0.19041.3031)
OS uptime: 0 days 12:24 hours
Hyper-V role detected

CPU:total 4 (initial active 4) (2 cores per cpu, 2 threads per core) family 6 model 78 stepping 3 microcode 0xcc, cmov, cx8, fxsr, mmx, sse, sse2, sse3, ssse3, sse4.1, sse4.2, popcnt, avx, avx2, aes, clmul, erms, 3dnowpref, lzcnt, ht, tsc, tscinvbit, bmi1, bmi2, adx, fma

Memory: 4k page, system-wide physical 8072M (725M free)
TotalPageFile size 11376M (AvailPageFile size 35M)
current process WorkingSet (physical memory assigned to process): 11M, peak: 11M
current process commit charge ("private bytes"): 51M, peak: 179M

vm_info: OpenJDK 64-Bit Server VM (11.0.15+0-b2043.56-9505619) for windows-amd64 JRE (11.0.15+0-b2043.56-9505619), built on Jan 19 2023 02:48:00 by "builduser" with unknown MS VC++:1929

END.
